#
# There is insufficient memory for the Java Runtime Environment to continue.
# Native memory allocation (malloc) failed to allocate 32744 bytes for ChunkPool::allocate
# Possible reasons:
#   The system is out of physical RAM or swap space
#   In 32 bit mode, the process size limit was hit
# Possible solutions:
#   Reduce memory load on the system
#   Increase physical memory or swap space
#   Check if swap backing store is full
#   Use 64 bit Java on a 64 bit OS
#   Decrease Java heap size (-Xmx/-Xms)
#   Decrease number of Java threads
#   Decrease Java thread stack sizes (-Xss)
#   Set larger code cache with -XX:ReservedCodeCacheSize=
# This output file may be truncated or incomplete.
#
#  Out of Memory Error (allocation.cpp:273), pid=10532, tid=0x0000000000002414
#
# JRE version: OpenJDK Runtime Environment (8.0_152-b06) (build 1.8.0_152-release-1136-b06)
# Java VM: OpenJDK 64-Bit Server VM (25.152-b06 mixed mode windows-amd64 compressed oops)
# Failed to write core dump. Minidumps are not enabled by default on client versions of Windows
#

---------------  T H R E A D  ---------------

Current thread (0x0000000016b33800):  JavaThread "C2 CompilerThread1" daemon [_thread_in_native, id=9236, stack(0x0000000018270000,0x0000000018370000)]

Stack: [0x0000000018270000,0x0000000018370000]
[error occurred during error reporting (printing stack bounds), id 0xc0000005]

Native frames: (J=compiled Java code, j=interpreted, Vv=VM code, C=native code)


Current CompileTask:
C2:   5825 1430   !   4       java.net.URLClassLoader$1::run (63 bytes)


---------------  P R O C E S S  ---------------

Java Threads: ( => current thread )
  0x0000000019ff2800 JavaThread "Cache worker for file hash cache (C:\Users\Benx\Documents\FAKS\drugi_letnik\EMP\Sedi5_2\.gradle\4.6\fileHashes)" [_thread_blocked, id=12232, stack(0x000000001b6c0000,0x000000001b7c0000)]
  0x0000000019b9d000 JavaThread "File lock request listener" [_thread_in_native, id=8032, stack(0x000000001b5c0000,0x000000001b6c0000)]
  0x0000000019bbe000 JavaThread "Cache worker for file hash cache (C:\Users\Benx\.gradle\caches\4.6\fileHashes)" [_thread_blocked, id=5408, stack(0x000000001b4c0000,0x000000001b5c0000)]
  0x0000000019e77000 JavaThread "Stdin handler" [_thread_blocked, id=7144, stack(0x000000001b1c0000,0x000000001b2c0000)]
  0x0000000019e8f800 JavaThread "Asynchronous log dispatcher for DefaultDaemonConnection: socket connection from /127.0.0.1:53006 to /127.0.0.1:53007" [_thread_blocked, id=6120, stack(0x000000001b0c0000,0x000000001b1c0000)]
  0x0000000019e73000 JavaThread "Daemon worker" [_thread_in_vm, id=2588, stack(0x000000001afc0000,0x000000001b0c0000)]
  0x0000000019e72800 JavaThread "Cancel handler" [_thread_blocked, id=5116, stack(0x000000001aec0000,0x000000001afc0000)]
  0x0000000019d69000 JavaThread "Handler for socket connection from /127.0.0.1:53006 to /127.0.0.1:53007" [_thread_in_native, id=10304, stack(0x000000001abc0000,0x000000001acc0000)]
  0x0000000019d56000 JavaThread "Daemon" [_thread_blocked, id=13084, stack(0x000000001aac0000,0x000000001abc0000)]
  0x0000000019d74000 JavaThread "Daemon periodic checks" [_thread_blocked, id=8352, stack(0x000000001a9c0000,0x000000001aac0000)]
  0x0000000019d76000 JavaThread "Incoming local TCP Connector on port 53006" [_thread_in_native, id=6264, stack(0x000000001a780000,0x000000001a880000)]
  0x0000000018490800 JavaThread "Service Thread" daemon [_thread_blocked, id=12608, stack(0x0000000018870000,0x0000000018970000)]
  0x0000000016b3b800 JavaThread "C1 CompilerThread2" daemon [_thread_in_native, id=5596, stack(0x0000000018370000,0x0000000018470000)]
=>0x0000000016b33800 JavaThread "C2 CompilerThread1" daemon [_thread_in_native, id=9236, stack(0x0000000018270000,0x0000000018370000)]
  0x0000000016b30800 JavaThread "C2 CompilerThread0" daemon [_thread_in_native, id=10384, stack(0x0000000018170000,0x0000000018270000)]
  0x0000000016b2e000 JavaThread "Attach Listener" daemon [_thread_blocked, id=11084, stack(0x0000000018070000,0x0000000018170000)]
  0x0000000016b2d000 JavaThread "Signal Dispatcher" daemon [_thread_blocked, id=5740, stack(0x0000000017f70000,0x0000000018070000)]
  0x0000000016b18800 JavaThread "Finalizer" daemon [_thread_blocked, id=7816, stack(0x0000000017d80000,0x0000000017e80000)]
  0x00000000031b4000 JavaThread "Reference Handler" daemon [_thread_blocked, id=1392, stack(0x0000000017c80000,0x0000000017d80000)]
  0x000000000126e800 JavaThread "main" [_thread_blocked, id=11844, stack(0x0000000002fb0000,0x00000000030b0000)]

Other Threads:
  0x0000000016af4800 VMThread [stack: 0x0000000017b80000,0x0000000017c80000] [id=9088]
  0x0000000016b8e800 WatcherThread [stack: 0x0000000018970000,0x0000000018a70000] [id=2780]

VM state:not at safepoint (normal execution)

VM Mutex/Monitor currently owned by a thread: None

Heap:
 PSYoungGen      total 38400K, used 35133K [0x00000000e0000000, 0x00000000e2a80000, 0x0000000100000000)
  eden space 33280K, 90% used [0x00000000e0000000,0x00000000e1d50928,0x00000000e2080000)
  from space 5120K, 99% used [0x00000000e2080000,0x00000000e257ec40,0x00000000e2580000)
  to   space 5120K, 0% used [0x00000000e2580000,0x00000000e2580000,0x00000000e2a80000)
 ParOldGen       total 87552K, used 2087K [0x00000000a0000000, 0x00000000a5580000, 0x00000000e0000000)
  object space 87552K, 2% used [0x00000000a0000000,0x00000000a0209eb8,0x00000000a5580000)
 Metaspace       used 17013K, capacity 17392K, committed 17792K, reserved 1064960K
  class space    used 2453K, capacity 2570K, committed 2688K, reserved 1048576K

Card table byte_map: [0x0000000012580000,0x0000000012890000] byte_map_base: 0x0000000012080000

Marking Bits: (ParMarkBitMap*) 0x0000000065d35aa0
 Begin Bits: [0x0000000012e90000, 0x0000000014690000)
 End Bits:   [0x0000000014690000, 0x0000000015e90000)

Polling page: 0x0000000001250000

CodeCache: size=245760Kb used=5188Kb max_used=5188Kb free=240571Kb
 bounds [0x00000000031c0000, 0x00000000036e0000, 0x00000000121c0000]
 total_blobs=1895 nmethods=1519 adapters=289
 compilation: enabled

Compilation events (10 events):
Event: 5.654 Thread 0x0000000016b3b800 nmethod 1515 0x00000000036cda10 code [0x00000000036cdb60, 0x00000000036cdc70]
Event: 5.781 Thread 0x0000000016b3b800 1516       1       sun.reflect.generics.repository.AbstractRepository::getFactory (5 bytes)
Event: 5.781 Thread 0x0000000016b3b800 nmethod 1516 0x00000000036cdfd0 code [0x00000000036ce120, 0x00000000036ce230]
Event: 5.781 Thread 0x0000000016b3b800 1517       3       java.lang.reflect.Method::hasGenericInformation (13 bytes)
Event: 5.781 Thread 0x0000000016b3b800 nmethod 1517 0x00000000036ce290 code [0x00000000036ce3e0, 0x00000000036ce5b0]
Event: 5.781 Thread 0x0000000016b3b800 1518       3       java.lang.reflect.Method::getGenericReturnType (20 bytes)
Event: 5.783 Thread 0x0000000016b3b800 nmethod 1518 0x00000000036ce610 code [0x00000000036ce800, 0x00000000036cf1f8]
Event: 5.793 Thread 0x0000000016b3b800 1519       1       java.lang.reflect.Constructor::getConstructorAccessor (5 bytes)
Event: 5.793 Thread 0x0000000016b3b800 nmethod 1519 0x00000000036cf850 code [0x00000000036cf9a0, 0x00000000036cfab0]
Event: 5.820 Thread 0x0000000016b3b800 1520       3       sun.reflect.generics.parser.SignatureParser::parseClassTypeSignature (118 bytes)

GC Heap History (6 events):
Event: 1.588 GC heap before
{Heap before GC invocations=1 (full 0):
 PSYoungGen      total 38400K, used 33280K [0x00000000e0000000, 0x00000000e2a80000, 0x0000000100000000)
  eden space 33280K, 100% used [0x00000000e0000000,0x00000000e2080000,0x00000000e2080000)
  from space 5120K, 0% used [0x00000000e2580000,0x00000000e2580000,0x00000000e2a80000)
  to   space 5120K, 0% used [0x00000000e2080000,0x00000000e2080000,0x00000000e2580000)
 ParOldGen       total 87552K, used 0K [0x00000000a0000000, 0x00000000a5580000, 0x00000000e0000000)
  object space 87552K, 0% used [0x00000000a0000000,0x00000000a0000000,0x00000000a5580000)
 Metaspace       used 6645K, capacity 6766K, committed 7040K, reserved 1056768K
  class space    used 807K, capacity 875K, committed 896K, reserved 1048576K
Event: 1.595 GC heap after
Heap after GC invocations=1 (full 0):
 PSYoungGen      total 38400K, used 4148K [0x00000000e0000000, 0x00000000e2a80000, 0x0000000100000000)
  eden space 33280K, 0% used [0x00000000e0000000,0x00000000e0000000,0x00000000e2080000)
  from space 5120K, 81% used [0x00000000e2080000,0x00000000e248d068,0x00000000e2580000)
  to   space 5120K, 0% used [0x00000000e2580000,0x00000000e2580000,0x00000000e2a80000)
 ParOldGen       total 87552K, used 8K [0x00000000a0000000, 0x00000000a5580000, 0x00000000e0000000)
  object space 87552K, 0% used [0x00000000a0000000,0x00000000a0002000,0x00000000a5580000)
 Metaspace       used 6645K, capacity 6766K, committed 7040K, reserved 1056768K
  class space    used 807K, capacity 875K, committed 896K, reserved 1048576K
}
Event: 3.755 GC heap before
{Heap before GC invocations=2 (full 0):
 PSYoungGen      total 38400K, used 37428K [0x00000000e0000000, 0x00000000e2a80000, 0x0000000100000000)
  eden space 33280K, 100% used [0x00000000e0000000,0x00000000e2080000,0x00000000e2080000)
  from space 5120K, 81% used [0x00000000e2080000,0x00000000e248d068,0x00000000e2580000)
  to   space 5120K, 0% used [0x00000000e2580000,0x00000000e2580000,0x00000000e2a80000)
 ParOldGen       total 87552K, used 8K [0x00000000a0000000, 0x00000000a5580000, 0x00000000e0000000)
  object space 87552K, 0% used [0x00000000a0000000,0x00000000a0002000,0x00000000a5580000)
 Metaspace       used 10875K, capacity 11080K, committed 11264K, reserved 1058816K
  class space    used 1430K, capacity 1518K, committed 1536K, reserved 1048576K
Event: 3.768 GC heap after
Heap after GC invocations=2 (full 0):
 PSYoungGen      total 38400K, used 5103K [0x00000000e0000000, 0x00000000e2a80000, 0x0000000100000000)
  eden space 33280K, 0% used [0x00000000e0000000,0x00000000e0000000,0x00000000e2080000)
  from space 5120K, 99% used [0x00000000e2580000,0x00000000e2a7bfe8,0x00000000e2a80000)
  to   space 5120K, 0% used [0x00000000e2080000,0x00000000e2080000,0x00000000e2580000)
 ParOldGen       total 87552K, used 204K [0x00000000a0000000, 0x00000000a5580000, 0x00000000e0000000)
  object space 87552K, 0% used [0x00000000a0000000,0x00000000a0033218,0x00000000a5580000)
 Metaspace       used 10875K, capacity 11080K, committed 11264K, reserved 1058816K
  class space    used 1430K, capacity 1518K, committed 1536K, reserved 1048576K
}
Event: 4.755 GC heap before
{Heap before GC invocations=3 (full 0):
 PSYoungGen      total 38400K, used 38383K [0x00000000e0000000, 0x00000000e2a80000, 0x0000000100000000)
  eden space 33280K, 100% used [0x00000000e0000000,0x00000000e2080000,0x00000000e2080000)
  from space 5120K, 99% used [0x00000000e2580000,0x00000000e2a7bfe8,0x00000000e2a80000)
  to   space 5120K, 0% used [0x00000000e2080000,0x00000000e2080000,0x00000000e2580000)
 ParOldGen       total 87552K, used 204K [0x00000000a0000000, 0x00000000a5580000, 0x00000000e0000000)
  object space 87552K, 0% used [0x00000000a0000000,0x00000000a0033218,0x00000000a5580000)
 Metaspace       used 14168K, capacity 14482K, committed 14720K, reserved 1062912K
  class space    used 1986K, capacity 2117K, committed 2176K, reserved 1048576K
Event: 4.772 GC heap after
Heap after GC invocations=3 (full 0):
 PSYoungGen      total 38400K, used 5115K [0x00000000e0000000, 0x00000000e2a80000, 0x0000000100000000)
  eden space 33280K, 0% used [0x00000000e0000000,0x00000000e0000000,0x00000000e2080000)
  from space 5120K, 99% used [0x00000000e2080000,0x00000000e257ec40,0x00000000e2580000)
  to   space 5120K, 0% used [0x00000000e2580000,0x00000000e2580000,0x00000000e2a80000)
 ParOldGen       total 87552K, used 2087K [0x00000000a0000000, 0x00000000a5580000, 0x00000000e0000000)
  object space 87552K, 2% used [0x00000000a0000000,0x00000000a0209eb8,0x00000000a5580000)
 Metaspace       used 14168K, capacity 14482K, committed 14720K, reserved 1062912K
  class space    used 1986K, capacity 2117K, committed 2176K, reserved 1048576K
}

Deoptimization events (10 events):
Event: 2.607 Thread 0x000000000126e800 Uncommon trap: reason=unstable_if action=reinterpret pc=0x00000000034ebc14 method=java.io.WinNTFileSystem.normalize(Ljava/lang/String;II)Ljava/lang/String; @ 90
Event: 3.841 Thread 0x0000000019d69000 Uncommon trap: reason=unstable_if action=reinterpret pc=0x00000000035c57f0 method=java.util.concurrent.ConcurrentHashMap.putVal(Ljava/lang/Object;Ljava/lang/Object;Z)Ljava/lang/Object; @ 206
Event: 4.046 Thread 0x0000000019e73000 Uncommon trap: reason=bimorphic action=maybe_recompile pc=0x000000000350676c method=java.util.HashMap.putVal(ILjava/lang/Object;Ljava/lang/Object;ZZ)Ljava/lang/Object; @ 253
Event: 4.047 Thread 0x0000000019e73000 Uncommon trap: reason=bimorphic action=maybe_recompile pc=0x000000000350676c method=java.util.HashMap.putVal(ILjava/lang/Object;Ljava/lang/Object;ZZ)Ljava/lang/Object; @ 253
Event: 4.610 Thread 0x0000000019e73000 Uncommon trap: reason=class_check action=maybe_recompile pc=0x000000000343b084 method=java.util.regex.Matcher.match(II)Z @ 86
Event: 4.611 Thread 0x0000000019e73000 Uncommon trap: reason=class_check action=maybe_recompile pc=0x000000000343b084 method=java.util.regex.Matcher.match(II)Z @ 86
Event: 4.687 Thread 0x0000000019e73000 Uncommon trap: reason=class_check action=maybe_recompile pc=0x000000000342b41c method=java.util.regex.Matcher.match(II)Z @ 86
Event: 4.793 Thread 0x0000000019e73000 Uncommon trap: reason=unstable_if action=reinterpret pc=0x000000000363c934 method=java.lang.String.lastIndexOf([CII[CIII)I @ 66
Event: 5.392 Thread 0x0000000019e73000 Uncommon trap: reason=unstable_if action=reinterpret pc=0x0000000003317908 method=java.net.URI.match(CJJ)Z @ 19
Event: 5.489 Thread 0x0000000019e73000 Uncommon trap: reason=unstable_if action=reinterpret pc=0x000000000345ad98 method=java.io.File.getName()Ljava/lang/String; @ 16

Classes redefined (0 events):
No events

Internal exceptions (10 events):
Event: 3.911 Thread 0x0000000019d69000 Exception <a 'java/lang/NoSuchMethodError': <clinit>> (0x00000000e02cab38) thrown at [D:\src\AOSP-openjdk-cygwin\jdk8u\hotspot\src\share\vm\prims\jni.cpp, line 1613]
Event: 3.926 Thread 0x0000000019d69000 Exception <a 'java/lang/NoSuchMethodError': <clinit>> (0x00000000e02d5f58) thrown at [D:\src\AOSP-openjdk-cygwin\jdk8u\hotspot\src\share\vm\prims\jni.cpp, line 1613]
Event: 3.942 Thread 0x0000000019d69000 Exception <a 'java/lang/NoSuchMethodError': <clinit>> (0x00000000e02e1e48) thrown at [D:\src\AOSP-openjdk-cygwin\jdk8u\hotspot\src\share\vm\prims\jni.cpp, line 1613]
Event: 3.965 Thread 0x0000000019d69000 Exception <a 'java/lang/NoSuchMethodError': <clinit>> (0x00000000e03053e0) thrown at [D:\src\AOSP-openjdk-cygwin\jdk8u\hotspot\src\share\vm\prims\jni.cpp, line 1613]
Event: 4.021 Thread 0x0000000019e73000 Exception <a 'java/lang/NoSuchMethodError': <clinit>> (0x00000000e04532c8) thrown at [D:\src\AOSP-openjdk-cygwin\jdk8u\hotspot\src\share\vm\prims\jni.cpp, line 1613]
Event: 4.022 Thread 0x0000000019e73000 Exception <a 'java/lang/NoSuchMethodError': <clinit>> (0x00000000e045b700) thrown at [D:\src\AOSP-openjdk-cygwin\jdk8u\hotspot\src\share\vm\prims\jni.cpp, line 1613]
Event: 5.522 Thread 0x0000000019e73000 Exception <a 'java/lang/NoSuchMethodError': <clinit>> (0x00000000e19d84f0) thrown at [D:\src\AOSP-openjdk-cygwin\jdk8u\hotspot\src\share\vm\prims\jni.cpp, line 1613]
Event: 5.522 Thread 0x0000000019e73000 Exception <a 'java/lang/NoSuchMethodError': <clinit>> (0x00000000e19dae90) thrown at [D:\src\AOSP-openjdk-cygwin\jdk8u\hotspot\src\share\vm\prims\jni.cpp, line 1613]
Event: 5.525 Thread 0x0000000019e73000 Exception <a 'java/lang/NoSuchMethodError': <clinit>> (0x00000000e19e8480) thrown at [D:\src\AOSP-openjdk-cygwin\jdk8u\hotspot\src\share\vm\prims\jni.cpp, line 1613]
Event: 5.529 Thread 0x0000000019e73000 Exception <a 'java/lang/NoSuchMethodError': <clinit>> (0x00000000e19f3c00) thrown at [D:\src\AOSP-openjdk-cygwin\jdk8u\hotspot\src\share\vm\prims\jni.cpp, line 1613]

Events (10 events):
Event: 5.787 loading class org/gradle/api/initialization/ProjectDescriptor
Event: 5.787 loading class org/gradle/api/initialization/ProjectDescriptor done
Event: 5.788 loading class org/gradle/initialization/DefaultProjectDescriptor
Event: 5.788 loading class org/gradle/initialization/DefaultProjectDescriptor done
Event: 5.789 loading class org/gradle/plugin/management/PluginManagementSpec
Event: 5.789 loading class org/gradle/plugin/management/PluginManagementSpec done
Event: 5.790 loading class org/gradle/vcs/SourceControl
Event: 5.790 loading class org/gradle/vcs/SourceControl done
Event: 5.790 loading class org/gradle/initialization/ProjectDescriptorRegistry
Event: 5.790 loading class org/gradle/initialization/ProjectDescriptorRegistry done


Dynamic libraries:
0x00007ff775780000 - 0x00007ff7757b1000 	C:\Program Files\Android\Android Studio\jre\bin\java.exe
0x00007ffdf17b0000 - 0x00007ffdf1991000 	C:\WINDOWS\SYSTEM32\ntdll.dll
0x00007ffdeec40000 - 0x00007ffdeecf2000 	C:\WINDOWS\System32\KERNEL32.DLL
0x00007ffdee700000 - 0x00007ffdee973000 	C:\WINDOWS\System32\KERNELBASE.dll
0x00007ffdf1550000 - 0x00007ffdf15f1000 	C:\WINDOWS\System32\ADVAPI32.dll
0x00007ffdeeed0000 - 0x00007ffdeef6e000 	C:\WINDOWS\System32\msvcrt.dll
0x00007ffdf1600000 - 0x00007ffdf165b000 	C:\WINDOWS\System32\sechost.dll
0x00007ffdf1410000 - 0x00007ffdf1534000 	C:\WINDOWS\System32\RPCRT4.dll
0x00007ffdf0ac0000 - 0x00007ffdf0c50000 	C:\WINDOWS\System32\USER32.dll
0x00007ffdeeb20000 - 0x00007ffdeeb40000 	C:\WINDOWS\System32\win32u.dll
0x00007ffdf0c50000 - 0x00007ffdf0c78000 	C:\WINDOWS\System32\GDI32.dll
0x00007ffdee980000 - 0x00007ffdeeb12000 	C:\WINDOWS\System32\gdi32full.dll
0x00007ffdee290000 - 0x00007ffdee32f000 	C:\WINDOWS\System32\msvcp_win.dll
0x00007ffdeeb40000 - 0x00007ffdeec3a000 	C:\WINDOWS\System32\ucrtbase.dll
0x00007ffdda6f0000 - 0x00007ffdda959000 	C:\WINDOWS\WinSxS\amd64_microsoft.windows.common-controls_6595b64144ccf1df_6.0.17134.472_none_fb3f9af53068156d\COMCTL32.dll
0x00007ffdf1020000 - 0x00007ffdf1342000 	C:\WINDOWS\System32\combase.dll
0x00007ffdee330000 - 0x00007ffdee3aa000 	C:\WINDOWS\System32\bcryptPrimitives.dll
0x00007ffdf0500000 - 0x00007ffdf052d000 	C:\WINDOWS\System32\IMM32.DLL
0x0000000064f70000 - 0x0000000065042000 	C:\Program Files\Android\Android Studio\jre\jre\bin\msvcr100.dll
0x0000000065570000 - 0x0000000065db1000 	C:\Program Files\Android\Android Studio\jre\jre\bin\server\jvm.dll
0x00007ffdeed00000 - 0x00007ffdeed08000 	C:\WINDOWS\System32\PSAPI.DLL
0x00007ffdddbd0000 - 0x00007ffdddbd9000 	C:\WINDOWS\SYSTEM32\WSOCK32.dll
0x00007ffde9030000 - 0x00007ffde9053000 	C:\WINDOWS\SYSTEM32\WINMM.dll
0x00007ffdddaf0000 - 0x00007ffdddafa000 	C:\WINDOWS\SYSTEM32\VERSION.dll
0x00007ffdf0530000 - 0x00007ffdf059c000 	C:\WINDOWS\System32\WS2_32.dll
0x00007ffde9000000 - 0x00007ffde902a000 	C:\WINDOWS\SYSTEM32\WINMMBASE.dll
0x00007ffdee460000 - 0x00007ffdee4a9000 	C:\WINDOWS\System32\cfgmgr32.dll
0x00007ffde9e20000 - 0x00007ffde9e2f000 	C:\Program Files\Android\Android Studio\jre\jre\bin\verify.dll
0x00007ffde8470000 - 0x00007ffde8499000 	C:\Program Files\Android\Android Studio\jre\jre\bin\java.dll
0x00007ffdde1e0000 - 0x00007ffdde1f6000 	C:\Program Files\Android\Android Studio\jre\jre\bin\zip.dll
0x00007ffdef0c0000 - 0x00007ffdf0500000 	C:\WINDOWS\System32\SHELL32.dll
0x00007ffdf1350000 - 0x00007ffdf13f9000 	C:\WINDOWS\System32\shcore.dll
0x00007ffdedb80000 - 0x00007ffdee28d000 	C:\WINDOWS\System32\windows.storage.dll
0x00007ffdeee70000 - 0x00007ffdeeec1000 	C:\WINDOWS\System32\shlwapi.dll
0x00007ffdedae0000 - 0x00007ffdedaf1000 	C:\WINDOWS\System32\kernel.appcore.dll
0x00007ffdedac0000 - 0x00007ffdedadf000 	C:\WINDOWS\System32\profapi.dll
0x00007ffdedb30000 - 0x00007ffdedb7c000 	C:\WINDOWS\System32\powrprof.dll
0x00007ffdedb00000 - 0x00007ffdedb0a000 	C:\WINDOWS\System32\FLTLIB.DLL
0x00007ffdd03e0000 - 0x00007ffdd03fa000 	C:\Program Files\Android\Android Studio\jre\jre\bin\net.dll
0x00007ffded340000 - 0x00007ffded3a6000 	C:\WINDOWS\system32\mswsock.dll
0x00007ffdcc150000 - 0x00007ffdcc161000 	C:\Program Files\Android\Android Studio\jre\jre\bin\nio.dll
0x00007ffde8fe0000 - 0x00007ffde8ffe000 	C:\Users\Benx\.gradle\native\25\windows-amd64\native-platform.dll
0x00007ffde9d30000 - 0x00007ffde9d3d000 	C:\Program Files\Android\Android Studio\jre\jre\bin\management.dll
0x00007ffded4f0000 - 0x00007ffded507000 	C:\WINDOWS\SYSTEM32\CRYPTSP.dll
0x00007ffdecf20000 - 0x00007ffdecf53000 	C:\WINDOWS\system32\rsaenh.dll
0x00007ffded620000 - 0x00007ffded645000 	C:\WINDOWS\SYSTEM32\bcrypt.dll
0x00007ffded9f0000 - 0x00007ffdeda18000 	C:\WINDOWS\SYSTEM32\USERENV.dll
0x00007ffded510000 - 0x00007ffded51b000 	C:\WINDOWS\SYSTEM32\CRYPTBASE.dll
0x00007ffded0c0000 - 0x00007ffded0f8000 	C:\WINDOWS\SYSTEM32\IPHLPAPI.DLL
0x00007ffdf1540000 - 0x00007ffdf1548000 	C:\WINDOWS\System32\NSI.dll
0x00007ffde5aa0000 - 0x00007ffde5ab6000 	C:\WINDOWS\SYSTEM32\dhcpcsvc6.DLL
0x00007ffde56f0000 - 0x00007ffde570a000 	C:\WINDOWS\SYSTEM32\dhcpcsvc.DLL

VM Arguments:
jvm_args: -Xmx1536m -Dfile.encoding=windows-1250 -Duser.country=US -Duser.language=en -Duser.variant 
java_command: org.gradle.launcher.daemon.bootstrap.GradleDaemon 4.6
java_class_path (initial): C:\Users\Benx\.gradle\wrapper\dists\gradle-4.6-all\bcst21l2brirad8k2ben1letg\gradle-4.6\lib\gradle-launcher-4.6.jar
Launcher Type: SUN_STANDARD

Environment Variables:
PATH=C:\Program Files\Java\jdk1.8.0_161\bin;C:\ProgramFiles\Python36;C:\ProgramFiles\Python36\Lib\site-packages\PyQt5;C:\ProgramData\Oracle\Java\javapath;C:\Program Files (x86)\Intel\iCLS Client\;C:\Program Files\Intel\iCLS Client\;C:\WINDOWS\system32;C:\WINDOWS;C:\WINDOWS\System32\Wbem;C:\WINDOWS\System32\WindowsPowerShell\v1.0\;C:\Program Files (x86)\Intel\Intel(R) Management Engine Components\DAL;C:\Program Files\Intel\Intel(R) Management Engine Components\DAL;C:\Program Files (x86)\Intel\Intel(R) Management Engine Components\IPT;C:\Program Files\Intel\Intel(R) Management Engine Components\IPT;C:\Program Files (x86)\GtkSharp\2.12\bin;C:\Program Files\PuTTY\;C:\WINDOWS\System32\OpenSSH\;C:\OpenSSL;C:\Program Files\Intel\WiFi\bin\;C:\Program Files\Common Files\Intel\WirelessCommon\;C:\Python36\Scripts\;C:\Python36\;PYTHONPATH;C:\Users\Benx\AppData\Local\Microsoft\WindowsApps
USERNAME=Benx
OS=Windows_NT
PROCESSOR_IDENTIFIER=Intel64 Family 6 Model 142 Stepping 9, GenuineIntel



---------------  S Y S T E M  ---------------

OS: Windows 10.0 , 64 bit Build 17134 (10.0.17134.1)

CPU:total 4 (initial active 4) (2 cores per cpu, 2 threads per core) family 6 model 142 stepping 9, cmov, cx8, fxsr, mmx, sse, sse2, sse3, ssse3, sse4.1, sse4.2, popcnt, avx, avx2, aes, clmul, erms, 3dnowpref, lzcnt, ht, tsc, tscinvbit, bmi1, bmi2, adx

Memory: 4k page, physical 8266352k(809444k free), swap 8266352k(2056k free)

vm_info: OpenJDK 64-Bit Server VM (25.152-b06) for windows-amd64 JRE (1.8.0_152-release-1136-b06), built by "builder" with MS VC++ 10.0 (VS2010)

time: Sun Jan 06 21:16:08 2019
elapsed time: 5 seconds (0d 0h 0m 5s)

