#
# There is insufficient memory for the Java Runtime Environment to continue.
# Native memory allocation (malloc) failed to allocate 1750416 bytes for Chunk::new
# Possible reasons:
#   The system is out of physical RAM or swap space
#   In 32 bit mode, the process size limit was hit
# Possible solutions:
#   Reduce memory load on the system
#   Increase physical memory or swap space
#   Check if swap backing store is full
#   Use 64 bit Java on a 64 bit OS
#   Decrease Java heap size (-Xmx/-Xms)
#   Decrease number of Java threads
#   Decrease Java thread stack sizes (-Xss)
#   Set larger code cache with -XX:ReservedCodeCacheSize=
# This output file may be truncated or incomplete.
#
#  Out of Memory Error (allocation.cpp:390), pid=5804, tid=0x0000000000002f08
#
# JRE version: OpenJDK Runtime Environment (8.0_152-b06) (build 1.8.0_152-release-1136-b06)
# Java VM: OpenJDK 64-Bit Server VM (25.152-b06 mixed mode windows-amd64 compressed oops)
# Failed to write core dump. Minidumps are not enabled by default on client versions of Windows
#

---------------  T H R E A D  ---------------

Current thread (0x0000000016012000):  JavaThread "C2 CompilerThread1" daemon [_thread_in_native, id=12040, stack(0x0000000017680000,0x0000000017780000)]

Stack: [0x0000000017680000,0x0000000017780000]
[error occurred during error reporting (printing stack bounds), id 0xc0000005]

Native frames: (J=compiled Java code, j=interpreted, Vv=VM code, C=native code)


Current CompileTask:
C2:   7538 3059       4       groovy.lang.MetaClassImpl$1MOPIter::methodNameAction (479 bytes)


---------------  P R O C E S S  ---------------

Java Threads: ( => current thread )
  0x000000001b05b800 JavaThread "Build operations Thread 4" [_thread_blocked, id=15080, stack(0x0000000020060000,0x0000000020160000)]
  0x000000001b05b000 JavaThread "Build operations Thread 3" [_thread_blocked, id=15336, stack(0x000000001ff60000,0x0000000020060000)]
  0x000000001b061000 JavaThread "Build operations Thread 2" [_thread_blocked, id=4268, stack(0x000000001fbc0000,0x000000001fcc0000)]
  0x000000001b05f800 JavaThread "Build operations" [_thread_blocked, id=10468, stack(0x000000001fac0000,0x000000001fbc0000)]
  0x000000001b060000 JavaThread "Cache worker for Artifact transforms cache (C:\Users\Benx\.gradle\caches\transforms-1)" [_thread_blocked, id=8284, stack(0x000000001dd40000,0x000000001de40000)]
  0x0000000019569000 JavaThread "Cache worker for file hash cache (C:\Users\Benx\Documents\FAKS\drugi_letnik\EMP\Sedi5_2\.gradle\4.6\fileHashes)" [_thread_blocked, id=13456, stack(0x000000001baa0000,0x000000001bba0000)]
  0x00000000191e2800 JavaThread "File lock request listener" [_thread_in_native, id=14856, stack(0x000000001a9d0000,0x000000001aad0000)]
  0x0000000018f85800 JavaThread "Cache worker for file hash cache (C:\Users\Benx\.gradle\caches\4.6\fileHashes)" [_thread_blocked, id=8776, stack(0x000000001a8d0000,0x000000001a9d0000)]
  0x0000000018e24800 JavaThread "Stdin handler" [_thread_blocked, id=9604, stack(0x000000001a5d0000,0x000000001a6d0000)]
  0x0000000018e23800 JavaThread "Asynchronous log dispatcher for DefaultDaemonConnection: socket connection from /127.0.0.1:52621 to /127.0.0.1:52622" [_thread_blocked, id=564, stack(0x000000001a4d0000,0x000000001a5d0000)]
  0x0000000018e22800 JavaThread "Daemon worker" [_thread_blocked, id=14956, stack(0x000000001a3d0000,0x000000001a4d0000)]
  0x0000000018e21800 JavaThread "Cancel handler" [_thread_blocked, id=4784, stack(0x000000001a2d0000,0x000000001a3d0000)]
  0x0000000018f00000 JavaThread "Handler for socket connection from /127.0.0.1:52621 to /127.0.0.1:52622" [_thread_in_native, id=13536, stack(0x0000000019fd0000,0x000000001a0d0000)]
  0x0000000018efd000 JavaThread "Daemon" [_thread_blocked, id=9632, stack(0x0000000019ed0000,0x0000000019fd0000)]
  0x0000000018dbb000 JavaThread "Daemon periodic checks" [_thread_blocked, id=13712, stack(0x0000000019dd0000,0x0000000019ed0000)]
  0x0000000018f31800 JavaThread "Incoming local TCP Connector on port 52621" [_thread_in_native, id=8168, stack(0x0000000019b90000,0x0000000019c90000)]
  0x00000000178a8800 JavaThread "Service Thread" daemon [_thread_blocked, id=10428, stack(0x0000000017c80000,0x0000000017d80000)]
  0x000000001601a000 JavaThread "C1 CompilerThread2" daemon [_thread_blocked, id=12572, stack(0x0000000017780000,0x0000000017880000)]
=>0x0000000016012000 JavaThread "C2 CompilerThread1" daemon [_thread_in_native, id=12040, stack(0x0000000017680000,0x0000000017780000)]
  0x000000001600f800 JavaThread "C2 CompilerThread0" daemon [_thread_blocked, id=12180, stack(0x0000000017580000,0x0000000017680000)]
  0x000000001600d000 JavaThread "Attach Listener" daemon [_thread_blocked, id=8504, stack(0x0000000017480000,0x0000000017580000)]
  0x000000001600c000 JavaThread "Signal Dispatcher" daemon [_thread_blocked, id=6804, stack(0x0000000017380000,0x0000000017480000)]
  0x0000000015ff8800 JavaThread "Finalizer" daemon [_thread_blocked, id=3264, stack(0x0000000017280000,0x0000000017380000)]
  0x0000000002693000 JavaThread "Reference Handler" daemon [_thread_blocked, id=3196, stack(0x0000000017180000,0x0000000017280000)]
  0x000000000259e800 JavaThread "main" [_thread_blocked, id=1540, stack(0x00000000023a0000,0x00000000024a0000)]

Other Threads:
  0x0000000015fd4800 VMThread [stack: 0x0000000017080000,0x0000000017180000] [id=9168]
  0x00000000178ad000 WatcherThread [stack: 0x0000000017d80000,0x0000000017e80000] [id=14768]

VM state:at safepoint (normal execution)

VM Mutex/Monitor currently owned by a thread:  ([mutex/lock_event])
[0x000000000259ce90] Threads_lock - owner thread: 0x0000000015fd4800
[0x000000000259c890] Heap_lock - owner thread: 0x0000000018e22800

Heap:
 PSYoungGen      total 88576K, used 10688K [0x00000000e0000000, 0x00000000e7e80000, 0x0000000100000000)
  eden space 77312K, 0% used [0x00000000e0000000,0x00000000e0000000,0x00000000e4b80000)
  from space 11264K, 94% used [0x00000000e4b80000,0x00000000e55f0208,0x00000000e5680000)
  to   space 12288K, 0% used [0x00000000e7280000,0x00000000e7280000,0x00000000e7e80000)
 ParOldGen       total 61440K, used 8486K [0x00000000a0000000, 0x00000000a3c00000, 0x00000000e0000000)
  object space 61440K, 13% used [0x00000000a0000000,0x00000000a08498e8,0x00000000a3c00000)
 Metaspace       used 34616K, capacity 35286K, committed 35416K, reserved 1079296K
  class space    used 4860K, capacity 5148K, committed 5208K, reserved 1048576K

Card table byte_map: [0x0000000011a60000,0x0000000011d70000] byte_map_base: 0x0000000011560000

Marking Bits: (ParMarkBitMap*) 0x0000000069ea5aa0
 Begin Bits: [0x0000000012370000, 0x0000000013b70000)
 End Bits:   [0x0000000013b70000, 0x0000000015370000)

Polling page: 0x00000000005f0000

CodeCache: size=245760Kb used=10643Kb max_used=10924Kb free=235116Kb
 bounds [0x00000000026a0000, 0x0000000003160000, 0x00000000116a0000]
 total_blobs=3632 nmethods=2935 adapters=610
 compilation: enabled

Compilation events (10 events):
Event: 7.436 Thread 0x000000001601a000 3244       3       java.lang.System$2::getConstantPool (5 bytes)
Event: 7.436 Thread 0x000000001601a000 nmethod 3244 0x0000000002879210 code [0x0000000002879380, 0x0000000002879588]
Event: 7.438 Thread 0x000000001601a000 3245       3       java.lang.Class::getSimpleName (120 bytes)
Event: 7.440 Thread 0x000000001601a000 nmethod 3245 0x0000000002960610 code [0x0000000002960900, 0x00000000029620b8]
Event: 7.440 Thread 0x000000001601a000 3246       1       java.nio.HeapByteBuffer::ix (7 bytes)
Event: 7.440 Thread 0x000000001601a000 nmethod 3246 0x0000000002960350 code [0x00000000029604a0, 0x00000000029605b0]
Event: 7.471 Thread 0x000000001600f800 nmethod 3241 0x0000000002952950 code [0x0000000002952c80, 0x0000000002955508]
Event: 7.472 Thread 0x000000001600f800 3247       4       java.util.jar.Attributes$Name::isValid (45 bytes)
Event: 7.476 Thread 0x000000001600f800 nmethod 3247 0x0000000002952150 code [0x00000000029522a0, 0x00000000029525d8]
Event: 7.476 Thread 0x000000001600f800 3242       4       java.util.HashMap$KeyIterator::next (8 bytes)

GC Heap History (10 events):
Event: 4.133 GC heap after
Heap after GC invocations=6 (full 1):
 PSYoungGen      total 38400K, used 0K [0x00000000e0000000, 0x00000000e5500000, 0x0000000100000000)
  eden space 33280K, 0% used [0x00000000e0000000,0x00000000e0000000,0x00000000e2080000)
  from space 5120K, 0% used [0x00000000e2080000,0x00000000e2080000,0x00000000e2580000)
  to   space 10240K, 0% used [0x00000000e4b00000,0x00000000e4b00000,0x00000000e5500000)
 ParOldGen       total 61440K, used 8240K [0x00000000a0000000, 0x00000000a3c00000, 0x00000000e0000000)
  object space 61440K, 13% used [0x00000000a0000000,0x00000000a080c388,0x00000000a3c00000)
 Metaspace       used 20813K, capacity 21232K, committed 21248K, reserved 1067008K
  class space    used 2915K, capacity 3071K, committed 3072K, reserved 1048576K
}
Event: 4.693 GC heap before
{Heap before GC invocations=7 (full 1):
 PSYoungGen      total 38400K, used 33280K [0x00000000e0000000, 0x00000000e5500000, 0x0000000100000000)
  eden space 33280K, 100% used [0x00000000e0000000,0x00000000e2080000,0x00000000e2080000)
  from space 5120K, 0% used [0x00000000e2080000,0x00000000e2080000,0x00000000e2580000)
  to   space 10240K, 0% used [0x00000000e4b00000,0x00000000e4b00000,0x00000000e5500000)
 ParOldGen       total 61440K, used 8240K [0x00000000a0000000, 0x00000000a3c00000, 0x00000000e0000000)
  object space 61440K, 13% used [0x00000000a0000000,0x00000000a080c388,0x00000000a3c00000)
 Metaspace       used 23828K, capacity 24328K, committed 24576K, reserved 1071104K
  class space    used 3285K, capacity 3463K, committed 3584K, reserved 1048576K
Event: 4.701 GC heap after
Heap after GC invocations=7 (full 1):
 PSYoungGen      total 55296K, used 3549K [0x00000000e0000000, 0x00000000e4e80000, 0x0000000100000000)
  eden space 51712K, 0% used [0x00000000e0000000,0x00000000e0000000,0x00000000e3280000)
  from space 3584K, 99% used [0x00000000e4b00000,0x00000000e4e77410,0x00000000e4e80000)
  to   space 10240K, 0% used [0x00000000e3a80000,0x00000000e3a80000,0x00000000e4480000)
 ParOldGen       total 61440K, used 8248K [0x00000000a0000000, 0x00000000a3c00000, 0x00000000e0000000)
  object space 61440K, 13% used [0x00000000a0000000,0x00000000a080e388,0x00000000a3c00000)
 Metaspace       used 23828K, capacity 24328K, committed 24576K, reserved 1071104K
  class space    used 3285K, capacity 3463K, committed 3584K, reserved 1048576K
}
Event: 5.867 GC heap before
{Heap before GC invocations=8 (full 1):
 PSYoungGen      total 55296K, used 55261K [0x00000000e0000000, 0x00000000e4e80000, 0x0000000100000000)
  eden space 51712K, 100% used [0x00000000e0000000,0x00000000e3280000,0x00000000e3280000)
  from space 3584K, 99% used [0x00000000e4b00000,0x00000000e4e77410,0x00000000e4e80000)
  to   space 10240K, 0% used [0x00000000e3a80000,0x00000000e3a80000,0x00000000e4480000)
 ParOldGen       total 61440K, used 8248K [0x00000000a0000000, 0x00000000a3c00000, 0x00000000e0000000)
  object space 61440K, 13% used [0x00000000a0000000,0x00000000a080e388,0x00000000a3c00000)
 Metaspace       used 27387K, capacity 27948K, committed 28288K, reserved 1073152K
  class space    used 3743K, capacity 3914K, committed 3968K, reserved 1048576K
Event: 5.877 GC heap after
Heap after GC invocations=8 (full 1):
 PSYoungGen      total 70144K, used 6521K [0x00000000e0000000, 0x00000000e6000000, 0x0000000100000000)
  eden space 59904K, 0% used [0x00000000e0000000,0x00000000e0000000,0x00000000e3a80000)
  from space 10240K, 63% used [0x00000000e3a80000,0x00000000e40de6b0,0x00000000e4480000)
  to   space 9728K, 0% used [0x00000000e5680000,0x00000000e5680000,0x00000000e6000000)
 ParOldGen       total 61440K, used 8256K [0x00000000a0000000, 0x00000000a3c00000, 0x00000000e0000000)
  object space 61440K, 13% used [0x00000000a0000000,0x00000000a0810388,0x00000000a3c00000)
 Metaspace       used 27387K, capacity 27948K, committed 28288K, reserved 1073152K
  class space    used 3743K, capacity 3914K, committed 3968K, reserved 1048576K
}
Event: 6.796 GC heap before
{Heap before GC invocations=9 (full 1):
 PSYoungGen      total 70144K, used 66425K [0x00000000e0000000, 0x00000000e6000000, 0x0000000100000000)
  eden space 59904K, 100% used [0x00000000e0000000,0x00000000e3a80000,0x00000000e3a80000)
  from space 10240K, 63% used [0x00000000e3a80000,0x00000000e40de6b0,0x00000000e4480000)
  to   space 9728K, 0% used [0x00000000e5680000,0x00000000e5680000,0x00000000e6000000)
 ParOldGen       total 61440K, used 8256K [0x00000000a0000000, 0x00000000a3c00000, 0x00000000e0000000)
  object space 61440K, 13% used [0x00000000a0000000,0x00000000a0810388,0x00000000a3c00000)
 Metaspace       used 30744K, capacity 31376K, committed 31488K, reserved 1077248K
  class space    used 4310K, capacity 4545K, committed 4608K, reserved 1048576K
Event: 6.807 GC heap after
Heap after GC invocations=9 (full 1):
 PSYoungGen      total 87040K, used 9697K [0x00000000e0000000, 0x00000000e6f80000, 0x0000000100000000)
  eden space 77312K, 0% used [0x00000000e0000000,0x00000000e0000000,0x00000000e4b80000)
  from space 9728K, 99% used [0x00000000e5680000,0x00000000e5ff8538,0x00000000e6000000)
  to   space 11264K, 0% used [0x00000000e4b80000,0x00000000e4b80000,0x00000000e5680000)
 ParOldGen       total 61440K, used 8478K [0x00000000a0000000, 0x00000000a3c00000, 0x00000000e0000000)
  object space 61440K, 13% used [0x00000000a0000000,0x00000000a08478e8,0x00000000a3c00000)
 Metaspace       used 30744K, capacity 31376K, committed 31488K, reserved 1077248K
  class space    used 4310K, capacity 4545K, committed 4608K, reserved 1048576K
}
Event: 7.478 GC heap before
{Heap before GC invocations=10 (full 1):
 PSYoungGen      total 87040K, used 40086K [0x00000000e0000000, 0x00000000e6f80000, 0x0000000100000000)
  eden space 77312K, 39% used [0x00000000e0000000,0x00000000e1dad2d8,0x00000000e4b80000)
  from space 9728K, 99% used [0x00000000e5680000,0x00000000e5ff8538,0x00000000e6000000)
  to   space 11264K, 0% used [0x00000000e4b80000,0x00000000e4b80000,0x00000000e5680000)
 ParOldGen       total 61440K, used 8478K [0x00000000a0000000, 0x00000000a3c00000, 0x00000000e0000000)
  object space 61440K, 13% used [0x00000000a0000000,0x00000000a08478e8,0x00000000a3c00000)
 Metaspace       used 34616K, capacity 35286K, committed 35416K, reserved 1079296K
  class space    used 4860K, capacity 5148K, committed 5208K, reserved 1048576K
Event: 7.496 GC heap after
Heap after GC invocations=10 (full 1):
 PSYoungGen      total 88576K, used 10688K [0x00000000e0000000, 0x00000000e7e80000, 0x0000000100000000)
  eden space 77312K, 0% used [0x00000000e0000000,0x00000000e0000000,0x00000000e4b80000)
  from space 11264K, 94% used [0x00000000e4b80000,0x00000000e55f0208,0x00000000e5680000)
  to   space 12288K, 0% used [0x00000000e7280000,0x00000000e7280000,0x00000000e7e80000)
 ParOldGen       total 61440K, used 8486K [0x00000000a0000000, 0x00000000a3c00000, 0x00000000e0000000)
  object space 61440K, 13% used [0x00000000a0000000,0x00000000a08498e8,0x00000000a3c00000)
 Metaspace       used 34616K, capacity 35286K, committed 35416K, reserved 1079296K
  class space    used 4860K, capacity 5148K, committed 5208K, reserved 1048576K
}
Event: 7.496 GC heap before
{Heap before GC invocations=11 (full 2):
 PSYoungGen      total 88576K, used 10688K [0x00000000e0000000, 0x00000000e7e80000, 0x0000000100000000)
  eden space 77312K, 0% used [0x00000000e0000000,0x00000000e0000000,0x00000000e4b80000)
  from space 11264K, 94% used [0x00000000e4b80000,0x00000000e55f0208,0x00000000e5680000)
  to   space 12288K, 0% used [0x00000000e7280000,0x00000000e7280000,0x00000000e7e80000)
 ParOldGen       total 61440K, used 8486K [0x00000000a0000000, 0x00000000a3c00000, 0x00000000e0000000)
  object space 61440K, 13% used [0x00000000a0000000,0x00000000a08498e8,0x00000000a3c00000)
 Metaspace       used 34616K, capacity 35286K, committed 35416K, reserved 1079296K
  class space    used 4860K, capacity 5148K, committed 5208K, reserved 1048576K

Deoptimization events (10 events):
Event: 7.220 Thread 0x0000000018e22800 Uncommon trap: reason=class_check action=maybe_recompile pc=0x00000000027d815c method=java.io.BufferedInputStream.read1([BII)I @ 39
Event: 7.220 Thread 0x0000000018e22800 Uncommon trap: reason=class_check action=maybe_recompile pc=0x00000000027d815c method=java.io.BufferedInputStream.read1([BII)I @ 39
Event: 7.220 Thread 0x0000000018e22800 Uncommon trap: reason=class_check action=maybe_recompile pc=0x00000000027d815c method=java.io.BufferedInputStream.read1([BII)I @ 39
Event: 7.222 Thread 0x0000000018e22800 Uncommon trap: reason=unstable_if action=reinterpret pc=0x0000000002b27ed0 method=java.util.regex.Pattern.has(I)Z @ 6
Event: 7.288 Thread 0x0000000018e22800 Uncommon trap: reason=bimorphic action=maybe_recompile pc=0x000000000309390c method=java.util.Arrays.binarySearch0([Ljava/lang/Object;IILjava/lang/Object;Ljava/util/Comparator;)I @ 48
Event: 7.289 Thread 0x0000000018e22800 Uncommon trap: reason=bimorphic action=maybe_recompile pc=0x000000000309390c method=java.util.Arrays.binarySearch0([Ljava/lang/Object;IILjava/lang/Object;Ljava/util/Comparator;)I @ 48
Event: 7.289 Thread 0x0000000018e22800 Uncommon trap: reason=bimorphic action=maybe_recompile pc=0x000000000309390c method=java.util.Arrays.binarySearch0([Ljava/lang/Object;IILjava/lang/Object;Ljava/util/Comparator;)I @ 48
Event: 7.289 Thread 0x0000000018e22800 Uncommon trap: reason=bimorphic action=maybe_recompile pc=0x000000000309390c method=java.util.Arrays.binarySearch0([Ljava/lang/Object;IILjava/lang/Object;Ljava/util/Comparator;)I @ 48
Event: 7.332 Thread 0x0000000018e22800 Uncommon trap: reason=unstable_if action=reinterpret pc=0x0000000002c5d310 method=sun.misc.MetaIndex.mayContain(Ljava/lang/String;)Z @ 38
Event: 7.361 Thread 0x0000000018e22800 Uncommon trap: reason=unstable_if action=reinterpret pc=0x0000000002f0acfc method=java.util.regex.Pattern.has(I)Z @ 6

Classes redefined (0 events):
No events

Internal exceptions (10 events):
Event: 7.087 Thread 0x0000000018e22800 Exception <a 'java/lang/ClassNotFoundException': org/gradle/api/internal/ConventionTaskBeanInfo> (0x00000000e0aef260) thrown at [D:\src\AOSP-openjdk-cygwin\jdk8u\hotspot\src\share\vm\classfile\systemDictionary.cpp, line 210]
Event: 7.089 Thread 0x0000000018e22800 Exception <a 'java/lang/ClassNotFoundException': org/gradle/api/DefaultTaskBeanInfo> (0x00000000e0b13db8) thrown at [D:\src\AOSP-openjdk-cygwin\jdk8u\hotspot\src\share\vm\classfile\systemDictionary.cpp, line 210]
Event: 7.090 Thread 0x0000000018e22800 Exception <a 'java/lang/ClassNotFoundException': org/gradle/api/internal/AbstractTaskBeanInfo> (0x00000000e0b3f700) thrown at [D:\src\AOSP-openjdk-cygwin\jdk8u\hotspot\src\share\vm\classfile\systemDictionary.cpp, line 210]
Event: 7.091 Thread 0x0000000018e22800 Exception <a 'java/lang/ClassNotFoundException': org/gradle/api/internal/AbstractTaskCustomizer> (0x00000000e0b6bcc8) thrown at [D:\src\AOSP-openjdk-cygwin\jdk8u\hotspot\src\share\vm\classfile\systemDictionary.cpp, line 210]
Event: 7.095 Thread 0x0000000018e22800 Exception <a 'java/lang/ClassNotFoundException': org/gradle/api/DefaultTaskCustomizer> (0x00000000e0bf5bf0) thrown at [D:\src\AOSP-openjdk-cygwin\jdk8u\hotspot\src\share\vm\classfile\systemDictionary.cpp, line 210]
Event: 7.096 Thread 0x0000000018e22800 Exception <a 'java/lang/ClassNotFoundException': org/gradle/api/internal/ConventionTaskCustomizer> (0x00000000e0c31d88) thrown at [D:\src\AOSP-openjdk-cygwin\jdk8u\hotspot\src\share\vm\classfile\systemDictionary.cpp, line 210]
Event: 7.098 Thread 0x0000000018e22800 Exception <a 'java/lang/ClassNotFoundException': org/gradle/api/tasks/DeleteCustomizer> (0x00000000e0c6b7b0) thrown at [D:\src\AOSP-openjdk-cygwin\jdk8u\hotspot\src\share\vm\classfile\systemDictionary.cpp, line 210]
Event: 7.101 Thread 0x0000000018e22800 Exception <a 'java/lang/ClassNotFoundException': org/gradle/api/tasks/Delete_DecoratedCustomizer> (0x00000000e0cb33f0) thrown at [D:\src\AOSP-openjdk-cygwin\jdk8u\hotspot\src\share\vm\classfile\systemDictionary.cpp, line 210]
Event: 7.134 Thread 0x0000000018e22800 Exception <a 'java/lang/ClassNotFoundException': build_ebr9waym0cmtd4skjugtk8ffxBeanInfo> (0x00000000e0dd3b38) thrown at [D:\src\AOSP-openjdk-cygwin\jdk8u\hotspot\src\share\vm\classfile\systemDictionary.cpp, line 210]
Event: 7.134 Thread 0x0000000018e22800 Exception <a 'java/lang/ClassNotFoundException': build_ebr9waym0cmtd4skjugtk8ffxCustomizer> (0x00000000e0dde530) thrown at [D:\src\AOSP-openjdk-cygwin\jdk8u\hotspot\src\share\vm\classfile\systemDictionary.cpp, line 210]

Events (10 events):
Event: 7.472 loading class com/google/common/cache/LocalCache$EntryFactory$7 done
Event: 7.472 loading class com/google/common/cache/LocalCache$EntryFactory$8
Event: 7.472 loading class com/google/common/cache/LocalCache$EntryFactory$8 done
Event: 7.473 loading class com/google/common/cache/LocalCache$Segment
Event: 7.473 loading class com/google/common/cache/LocalCache$Segment done
Event: 7.476 loading class com/google/wireless/android/sdk/stats/GradleBuildProfile
Event: 7.476 loading class com/google/wireless/android/sdk/stats/GradleBuildProfile done
Event: 7.477 loading class com/google/wireless/android/sdk/stats/GradleBuildProfileOrBuilder
Event: 7.477 loading class com/google/wireless/android/sdk/stats/GradleBuildProfileOrBuilder done
Event: 7.478 Executing VM operation: CollectForMetadataAllocation


Dynamic libraries:
0x00007ff785630000 - 0x00007ff785661000 	C:\Program Files\Android\Android Studio\jre\bin\java.exe
0x00007ff8768f0000 - 0x00007ff876ad1000 	C:\WINDOWS\SYSTEM32\ntdll.dll
0x00007ff875a60000 - 0x00007ff875b12000 	C:\WINDOWS\System32\KERNEL32.DLL
0x00007ff872cc0000 - 0x00007ff872f33000 	C:\WINDOWS\System32\KERNELBASE.dll
0x00007ff873e90000 - 0x00007ff873f31000 	C:\WINDOWS\System32\ADVAPI32.dll
0x00007ff873f40000 - 0x00007ff873fde000 	C:\WINDOWS\System32\msvcrt.dll
0x00007ff876850000 - 0x00007ff8768ab000 	C:\WINDOWS\System32\sechost.dll
0x00007ff873fe0000 - 0x00007ff874104000 	C:\WINDOWS\System32\RPCRT4.dll
0x00007ff8758d0000 - 0x00007ff875a60000 	C:\WINDOWS\System32\USER32.dll
0x00007ff8739c0000 - 0x00007ff8739e0000 	C:\WINDOWS\System32\win32u.dll
0x00007ff8757f0000 - 0x00007ff875818000 	C:\WINDOWS\System32\GDI32.dll
0x00007ff873820000 - 0x00007ff8739b2000 	C:\WINDOWS\System32\gdi32full.dll
0x00007ff873730000 - 0x00007ff8737cf000 	C:\WINDOWS\System32\msvcp_win.dll
0x00007ff8739e0000 - 0x00007ff873ada000 	C:\WINDOWS\System32\ucrtbase.dll
0x00007ff860bd0000 - 0x00007ff860e39000 	C:\WINDOWS\WinSxS\amd64_microsoft.windows.common-controls_6595b64144ccf1df_6.0.17134.472_none_fb3f9af53068156d\COMCTL32.dll
0x00007ff875ca0000 - 0x00007ff875fc2000 	C:\WINDOWS\System32\combase.dll
0x00007ff872fa0000 - 0x00007ff87301a000 	C:\WINDOWS\System32\bcryptPrimitives.dll
0x00007ff876660000 - 0x00007ff87668d000 	C:\WINDOWS\System32\IMM32.DLL
0x0000000069440000 - 0x0000000069512000 	C:\Program Files\Android\Android Studio\jre\jre\bin\msvcr100.dll
0x00000000696e0000 - 0x0000000069f21000 	C:\Program Files\Android\Android Studio\jre\jre\bin\server\jvm.dll
0x00007ff873da0000 - 0x00007ff873da8000 	C:\WINDOWS\System32\PSAPI.DLL
0x00007ff86ee90000 - 0x00007ff86eeb3000 	C:\WINDOWS\SYSTEM32\WINMM.dll
0x00007ff863620000 - 0x00007ff86362a000 	C:\WINDOWS\SYSTEM32\VERSION.dll
0x00007ff863930000 - 0x00007ff863939000 	C:\WINDOWS\SYSTEM32\WSOCK32.dll
0x00007ff876140000 - 0x00007ff8761ac000 	C:\WINDOWS\System32\WS2_32.dll
0x00007ff86ea70000 - 0x00007ff86ea9a000 	C:\WINDOWS\SYSTEM32\winmmbase.dll
0x00007ff8737d0000 - 0x00007ff873819000 	C:\WINDOWS\System32\cfgmgr32.dll
0x00007ff870540000 - 0x00007ff87054f000 	C:\Program Files\Android\Android Studio\jre\jre\bin\verify.dll
0x00007ff851340000 - 0x00007ff851369000 	C:\Program Files\Android\Android Studio\jre\jre\bin\java.dll
0x00007ff851320000 - 0x00007ff851336000 	C:\Program Files\Android\Android Studio\jre\jre\bin\zip.dll
0x00007ff874310000 - 0x00007ff875750000 	C:\WINDOWS\System32\SHELL32.dll
0x00007ff875820000 - 0x00007ff8758c9000 	C:\WINDOWS\System32\shcore.dll
0x00007ff873020000 - 0x00007ff87372d000 	C:\WINDOWS\System32\windows.storage.dll
0x00007ff873db0000 - 0x00007ff873e01000 	C:\WINDOWS\System32\shlwapi.dll
0x00007ff872ca0000 - 0x00007ff872cb1000 	C:\WINDOWS\System32\kernel.appcore.dll
0x00007ff872c70000 - 0x00007ff872c8f000 	C:\WINDOWS\System32\profapi.dll
0x00007ff872c00000 - 0x00007ff872c4c000 	C:\WINDOWS\System32\powrprof.dll
0x00007ff872c90000 - 0x00007ff872c9a000 	C:\WINDOWS\System32\FLTLIB.DLL
0x00007ff8512d0000 - 0x00007ff8512ea000 	C:\Program Files\Android\Android Studio\jre\jre\bin\net.dll
0x00007ff872480000 - 0x00007ff8724e6000 	C:\WINDOWS\system32\mswsock.dll
0x00007ff84f540000 - 0x00007ff84f551000 	C:\Program Files\Android\Android Studio\jre\jre\bin\nio.dll
0x00007ff850820000 - 0x00007ff85083e000 	C:\Users\Benx\.gradle\native\25\windows-amd64\native-platform.dll
0x00007ff86ed40000 - 0x00007ff86ed4d000 	C:\Program Files\Android\Android Studio\jre\jre\bin\management.dll
0x00007ff872630000 - 0x00007ff872647000 	C:\WINDOWS\SYSTEM32\CRYPTSP.dll
0x00007ff872060000 - 0x00007ff872093000 	C:\WINDOWS\system32\rsaenh.dll
0x00007ff872760000 - 0x00007ff872785000 	C:\WINDOWS\SYSTEM32\bcrypt.dll
0x00007ff872b30000 - 0x00007ff872b58000 	C:\WINDOWS\SYSTEM32\USERENV.dll
0x00007ff872650000 - 0x00007ff87265b000 	C:\WINDOWS\SYSTEM32\CRYPTBASE.dll
0x00007ff872200000 - 0x00007ff872238000 	C:\WINDOWS\SYSTEM32\IPHLPAPI.DLL
0x00007ff875fd0000 - 0x00007ff875fd8000 	C:\WINDOWS\System32\NSI.dll
0x00007ff86aee0000 - 0x00007ff86aef6000 	C:\WINDOWS\SYSTEM32\dhcpcsvc6.DLL
0x00007ff86aec0000 - 0x00007ff86aeda000 	C:\WINDOWS\SYSTEM32\dhcpcsvc.DLL

VM Arguments:
jvm_args: -Xmx1536m -Dfile.encoding=windows-1250 -Duser.country=US -Duser.language=en -Duser.variant 
java_command: org.gradle.launcher.daemon.bootstrap.GradleDaemon 4.6
java_class_path (initial): C:\Users\Benx\.gradle\wrapper\dists\gradle-4.6-all\bcst21l2brirad8k2ben1letg\gradle-4.6\lib\gradle-launcher-4.6.jar
Launcher Type: SUN_STANDARD

Environment Variables:
PATH=C:\Program Files\Java\jdk1.8.0_161\bin;C:\ProgramFiles\Python36;C:\ProgramFiles\Python36\Lib\site-packages\PyQt5;C:\ProgramData\Oracle\Java\javapath;C:\Program Files (x86)\Intel\iCLS Client\;C:\Program Files\Intel\iCLS Client\;C:\WINDOWS\system32;C:\WINDOWS;C:\WINDOWS\System32\Wbem;C:\WINDOWS\System32\WindowsPowerShell\v1.0\;C:\Program Files (x86)\Intel\Intel(R) Management Engine Components\DAL;C:\Program Files\Intel\Intel(R) Management Engine Components\DAL;C:\Program Files (x86)\Intel\Intel(R) Management Engine Components\IPT;C:\Program Files\Intel\Intel(R) Management Engine Components\IPT;C:\Program Files (x86)\GtkSharp\2.12\bin;C:\Program Files\PuTTY\;C:\WINDOWS\System32\OpenSSH\;C:\OpenSSL;C:\Program Files\Intel\WiFi\bin\;C:\Program Files\Common Files\Intel\WirelessCommon\;C:\Python36\Scripts\;C:\Python36\;PYTHONPATH;C:\Users\Benx\AppData\Local\Microsoft\WindowsApps
USERNAME=Benx
OS=Windows_NT
PROCESSOR_IDENTIFIER=Intel64 Family 6 Model 142 Stepping 9, GenuineIntel



---------------  S Y S T E M  ---------------

OS: Windows 10.0 , 64 bit Build 17134 (10.0.17134.1)

CPU:total 4 (initial active 4) (2 cores per cpu, 2 threads per core) family 6 model 142 stepping 9, cmov, cx8, fxsr, mmx, sse, sse2, sse3, ssse3, sse4.1, sse4.2, popcnt, avx, avx2, aes, clmul, erms, 3dnowpref, lzcnt, ht, tsc, tscinvbit, bmi1, bmi2, adx

Memory: 4k page, physical 8266352k(662212k free), swap 8266352k(6452k free)

vm_info: OpenJDK 64-Bit Server VM (25.152-b06) for windows-amd64 JRE (1.8.0_152-release-1136-b06), built by "builder" with MS VC++ 10.0 (VS2010)

time: Thu Jan 10 09:33:35 2019
elapsed time: 7 seconds (0d 0h 0m 7s)

